conf not have the '[app][imghost]'
E:/work/go/src/github.com/unphp/GoBlog/app/app.go:105 (0x431852)
	func.003: go LogError(append(append(context.Body, []byte("\n")...), debug.Stack()...))
E:/work/go/src/github.com/fuxiaohei/GoInk/app.go:65 (0x4ca967)
	func.001: app.inter["recover"](context)
D:/Program Files/go/src/pkg/runtime/panic.c:248 (0x410223)
	panic: runtime·newstackcall(d->fn, (byte*)d->args, d->siz);
E:/work/go/src/github.com/unphp/GoBlog/app/utils/config.go:20 (0x4e077f)
	(*Conf).Get: panic("conf not have the '[" + section + "][" + key + "]'")
E:/work/go/src/github.com/unphp/GoBlog/app/app.go:51 (0x431262)
	func.001: data["imghost"] = ConfData.Get("app", "imghost").String()
E:/work/go/src/github.com/unphp/GoBlog/app/handler/func.go:61 (0x43d205)
	(*themeContext).Render: f(data)
E:/work/go/src/github.com/unphp/GoBlog/app/handler/home.go:92 (0x43f1f6)
	Home: Theme(context).Layout("home").Render("index", data)
E:/work/go/src/github.com/fuxiaohei/GoInk/app.go:113 (0x4c48bd)
	(*App).handler: f(context)
E:/work/go/src/github.com/fuxiaohei/GoInk/app.go:139 (0x4c4bbc)
	(*App).ServeHTTP: app.handler(res, req)
D:/Program Files/go/src/pkg/net/http/server.go:1673 (0x477956)
	serverHandler.ServeHTTP: handler.ServeHTTP(rw, req)
D:/Program Files/go/src/pkg/net/http/server.go:1174 (0x4754e5)
	(*conn).serve: serverHandler{c.server}.ServeHTTP(w, w.req)
D:/Program Files/go/src/pkg/runtime/proc.c:1445 (0x414f20)
	goexit: runtime·goexit(void)
