template: index.html:9:85: executing "index.html" at <.StaticHost>: StaticHost is not a field of struct type *model.Content
E:/work/go/src/github.com/unphp/GoBlog/app/app.go:105 (0x431852)
	func.003: go LogError(append(append(context.Body, []byte("\n")...), debug.Stack()...))
E:/work/go/src/github.com/fuxiaohei/GoInk/app.go:65 (0x4ca967)
	func.001: app.inter["recover"](context)
D:/Program Files/go/src/pkg/runtime/panic.c:248 (0x410223)
	panic: runtime·newstackcall(d->fn, (byte*)d->args, d->siz);
E:/work/go/src/github.com/fuxiaohei/GoInk/context.go:366 (0x4c8596)
	(*Context).Render: panic(e)
E:/work/go/src/github.com/unphp/GoBlog/app/handler/func.go:63 (0x43d2f1)
	(*themeContext).Render: tc.context.Render(path.Join(tc.theme, tpl), data)
E:/work/go/src/github.com/unphp/GoBlog/app/handler/home.go:92 (0x43f1f6)
	Home: Theme(context).Layout("home").Render("index", data)
E:/work/go/src/github.com/fuxiaohei/GoInk/app.go:113 (0x4c48bd)
	(*App).handler: f(context)
E:/work/go/src/github.com/fuxiaohei/GoInk/app.go:139 (0x4c4bbc)
	(*App).ServeHTTP: app.handler(res, req)
D:/Program Files/go/src/pkg/net/http/server.go:1673 (0x477956)
	serverHandler.ServeHTTP: handler.ServeHTTP(rw, req)
D:/Program Files/go/src/pkg/net/http/server.go:1174 (0x4754e5)
	(*conn).serve: serverHandler{c.server}.ServeHTTP(w, w.req)
D:/Program Files/go/src/pkg/runtime/proc.c:1445 (0x414f20)
	goexit: runtime·goexit(void)
